<?xml version='1.0' encoding='UTF-8'?>
<testsuite hostname="Alexs-MBP" name="checkoutSpec" tests="11" errors="0" failures="0" skipped="0" time="1.461" timestamp="2019-02-01T13:47:10">
                     <properties>
[...]
</properties>
                     <testcase classname="checkoutSpec" name="returns string containing menu should return a string containing the menu" time="1.056">
                                                 
                                               </testcase><testcase classname="checkoutSpec" name="adding items to basket should add A to the basket" time="0.041">
                                                 
                                               </testcase><testcase classname="checkoutSpec" name="adding items to basket should add 2 units of A to the basket" time="0.031">
                                                 
                                               </testcase><testcase classname="checkoutSpec" name="removing items from basket shouldn't change purchases item is not present" time="0.015">
                                                 
                                               </testcase><testcase classname="checkoutSpec" name="removing items from basket should reduce the number of units of a given item in the basket by 1" time="0.04">
                                                 
                                               </testcase><testcase classname="checkoutSpec" name="total cost of basket should return the total cost of all items in the basket, including any offer prices" time="0.178">
                                                 
                                               </testcase><testcase classname="checkoutSpec" name="adding a item to a database should add item to a database" time="0.037">
                                                 
                                               </testcase><testcase classname="checkoutSpec" name="deleting item from a database should delete the item with the given SKU from the database" time="0.015">
                                                 
                                               </testcase><testcase classname="checkoutSpec" name="adding offer to an existing item should add offer to existing item" time="0.016">
                                                 
                                               </testcase><testcase classname="checkoutSpec" name="removing offer from an existing item should remove offer from existing item" time="0.016">
                                                 
                                               </testcase><testcase classname="checkoutSpec" name="updating price from an existing item should update price for existing item" time="0.016">
                                                 
                                               </testcase>
                     <system-out><![CDATA[]]></system-out>
                     <system-err><![CDATA[]]></system-err>
                   </testsuite>